<?xml version="1.0" encoding="UTF-8"?>
<testng-results ignored="0" total="1" passed="1" failed="0" skipped="0">
  <reporter-output>
  </reporter-output>
  <suite started-at="2025-07-30T16:52:44 IST" name="Default suite" finished-at="2025-07-30T16:52:47 IST" duration-ms="2601">
    <groups>
    </groups>
    <test started-at="2025-07-30T16:52:44 IST" name="Default test" finished-at="2025-07-30T16:52:47 IST" duration-ms="2601">
      <class name="tests.Test_Home_Page">
        <test-method is-config="true" signature="setupDriver()[pri:0, instance:tests.Test_Home_Page@2f4948e4]" started-at="2025-07-30T16:52:45 IST" name="setupDriver" finished-at="2025-07-30T16:52:47 IST" duration-ms="2046" status="PASS">
          <reporter-output>
          </reporter-output>
        </test-method> <!-- setupDriver -->
        <test-method signature="loginTest()[pri:0, instance:tests.Test_Home_Page@2f4948e4]" started-at="2025-07-30T16:52:47 IST" name="loginTest" finished-at="2025-07-30T16:52:47 IST" duration-ms="23" status="PASS">
          <reporter-output>
          </reporter-output>
        </test-method> <!-- loginTest -->
        <test-method is-config="true" signature="tearDown()[pri:0, instance:tests.Test_Home_Page@2f4948e4]" started-at="2025-07-30T16:52:47 IST" name="tearDown" finished-at="2025-07-30T16:52:47 IST" duration-ms="185" status="PASS">
          <reporter-output>
          </reporter-output>
        </test-method> <!-- tearDown -->
      </class> <!-- tests.Test_Home_Page -->
    </test> <!-- Default test -->
  </suite> <!-- Default suite -->
</testng-results>
